<?xml version="1.0" encoding="UTF-8"?>
<!-- Generated by org.testng.reporters.JUnitReportReporter -->
<testsuite skipped="0" hostname="ASCDK121" name="Tests.ApiTest" tests="1" failures="0" timestamp="21 Dec 2018 07:35:47 GMT" time="11.533" errors="0">
  <testcase name="GetGoogleMapDetails" time="11.533" classname="Tests.ApiTest"/>
</testsuite> <!-- Tests.ApiTest -->
