<?xml version="1.0" encoding="UTF-8"?>
<!-- Generated by org.testng.reporters.JUnitReportReporter -->
<testsuite skipped="0" hostname="ASCDK121" name="Tests.WeatherTest" tests="1" failures="0" timestamp="19 Dec 2018 08:32:57 GMT" time="7.543" errors="0">
  <testcase name="GetWeatherDetails" time="7.543" classname="Tests.WeatherTest"/>
</testsuite> <!-- Tests.WeatherTest -->
